<?xml version="1.0" encoding="UTF-8"?>
<coverage generated="1758749267068" clover="3.2.0">
  <project timestamp="1758749267068" name="All files">
    <metrics statements="56" coveredstatements="56" conditionals="37" coveredconditionals="37" methods="3" coveredmethods="3" elements="96" coveredelements="96" complexity="0" loc="56" ncloc="56" packages="1" files="1" classes="1"/>
    <file name="shippingController.js" path="/Users/corrineprettyman/DH Coding Test/DH-Trav-BE/controllers/shippingController.js">
      <metrics statements="56" coveredstatements="56" conditionals="37" coveredconditionals="37" methods="3" coveredmethods="3"/>
      <line num="9" count="77" type="stmt"/>
      <line num="12" count="1" type="stmt"/>
      <line num="13" count="18" type="stmt"/>
      <line num="14" count="18" type="stmt"/>
      <line num="15" count="18" type="stmt"/>
      <line num="17" count="18" type="cond" truecount="2" falsecount="0"/>
      <line num="18" count="3" type="stmt"/>
      <line num="19" count="3" type="stmt"/>
      <line num="23" count="18" type="cond" truecount="2" falsecount="0"/>
      <line num="24" count="13" type="stmt"/>
      <line num="25" count="13" type="stmt"/>
      <line num="26" count="5" type="cond" truecount="2" falsecount="0"/>
      <line num="27" count="2" type="stmt"/>
      <line num="28" count="2" type="stmt"/>
      <line num="30" count="3" type="stmt"/>
      <line num="31" count="3" type="stmt"/>
      <line num="34" count="18" type="cond" truecount="2" falsecount="0"/>
      <line num="35" count="15" type="stmt"/>
      <line num="36" count="15" type="stmt"/>
      <line num="37" count="3" type="cond" truecount="2" falsecount="0"/>
      <line num="38" count="1" type="stmt"/>
      <line num="39" count="1" type="stmt"/>
      <line num="40" count="2" type="cond" truecount="2" falsecount="0"/>
      <line num="41" count="1" type="stmt"/>
      <line num="42" count="1" type="stmt"/>
      <line num="44" count="1" type="stmt"/>
      <line num="45" count="1" type="stmt"/>
      <line num="48" count="18" type="cond" truecount="2" falsecount="0"/>
      <line num="49" count="2" type="stmt"/>
      <line num="50" count="2" type="stmt"/>
      <line num="51" count="16" type="cond" truecount="2" falsecount="0"/>
      <line num="52" count="2" type="stmt"/>
      <line num="53" count="2" type="stmt"/>
      <line num="55" count="14" type="stmt"/>
      <line num="56" count="14" type="stmt"/>
      <line num="57" count="14" type="cond" truecount="2" falsecount="0"/>
      <line num="58" count="2" type="stmt"/>
      <line num="59" count="2" type="stmt"/>
      <line num="62" count="18" type="stmt"/>
      <line num="71" count="1" type="stmt"/>
      <line num="72" count="34" type="stmt"/>
      <line num="76" count="34" type="stmt"/>
      <line num="79" count="34" type="cond" truecount="8" falsecount="0"/>
      <line num="80" count="8" type="stmt"/>
      <line num="85" count="26" type="cond" truecount="2" falsecount="0"/>
      <line num="86" count="1" type="stmt"/>
      <line num="91" count="25" type="cond" truecount="4" falsecount="0"/>
      <line num="92" count="2" type="stmt"/>
      <line num="95" count="23" type="cond" truecount="5" falsecount="0"/>
      <line num="96" count="3" type="stmt"/>
      <line num="99" count="20" type="stmt"/>
      <line num="100" count="18" type="stmt"/>
      <line num="103" count="18" type="stmt"/>
      <line num="112" count="18" type="stmt"/>
      <line num="115" count="2" type="stmt"/>
      <line num="116" count="2" type="stmt"/>
    </file>
  </project>
</coverage>
