{"/Users/corrineprettyman/DH Coding Test/DH-Trav-BE/controllers/shippingController.js": {"path":"/Users/corrineprettyman/DH Coding Test/DH-Trav-BE/controllers/shippingController.js","statementMap":{"0":{"start":{"line":9,"column":2},"end":{"line":9,"column":33}},"1":{"start":{"line":12,"column":27},"end":{"line":68,"column":1}},"2":{"start":{"line":13,"column":19},"end":{"line":13,"column":35}},"3":{"start":{"line":14,"column":21},"end":{"line":14,"column":29}},"4":{"start":{"line":15,"column":20},"end":{"line":15,"column":81}},"5":{"start":{"line":17,"column":2},"end":{"line":20,"column":3}},"6":{"start":{"line":18,"column":4},"end":{"line":18,"column":34}},"7":{"start":{"line":19,"column":4},"end":{"line":19,"column":92}},"8":{"start":{"line":23,"column":2},"end":{"line":32,"column":3}},"9":{"start":{"line":24,"column":4},"end":{"line":24,"column":36}},"10":{"start":{"line":25,"column":4},"end":{"line":25,"column":93}},"11":{"start":{"line":26,"column":9},"end":{"line":32,"column":3}},"12":{"start":{"line":27,"column":4},"end":{"line":27,"column":35}},"13":{"start":{"line":28,"column":4},"end":{"line":28,"column":92}},"14":{"start":{"line":30,"column":4},"end":{"line":30,"column":36}},"15":{"start":{"line":31,"column":4},"end":{"line":31,"column":97}},"16":{"start":{"line":34,"column":2},"end":{"line":46,"column":3}},"17":{"start":{"line":35,"column":4},"end":{"line":35,"column":36}},"18":{"start":{"line":36,"column":4},"end":{"line":36,"column":92}},"19":{"start":{"line":37,"column":9},"end":{"line":46,"column":3}},"20":{"start":{"line":38,"column":4},"end":{"line":38,"column":36}},"21":{"start":{"line":39,"column":4},"end":{"line":39,"column":92}},"22":{"start":{"line":40,"column":9},"end":{"line":46,"column":3}},"23":{"start":{"line":41,"column":4},"end":{"line":41,"column":36}},"24":{"start":{"line":42,"column":4},"end":{"line":42,"column":92}},"25":{"start":{"line":44,"column":4},"end":{"line":44,"column":36}},"26":{"start":{"line":45,"column":4},"end":{"line":45,"column":92}},"27":{"start":{"line":48,"column":2},"end":{"line":61,"column":3}},"28":{"start":{"line":49,"column":4},"end":{"line":49,"column":24}},"29":{"start":{"line":50,"column":4},"end":{"line":50,"column":84}},"30":{"start":{"line":51,"column":9},"end":{"line":61,"column":3}},"31":{"start":{"line":52,"column":4},"end":{"line":52,"column":34}},"32":{"start":{"line":53,"column":4},"end":{"line":53,"column":94}},"33":{"start":{"line":55,"column":4},"end":{"line":55,"column":34}},"34":{"start":{"line":56,"column":4},"end":{"line":56,"column":94}},"35":{"start":{"line":57,"column":4},"end":{"line":60,"column":5}},"36":{"start":{"line":58,"column":6},"end":{"line":58,"column":38}},"37":{"start":{"line":59,"column":6},"end":{"line":59,"column":102}},"38":{"start":{"line":62,"column":2},"end":{"line":67,"column":4}},"39":{"start":{"line":71,"column":32},"end":{"line":118,"column":1}},"40":{"start":{"line":72,"column":2},"end":{"line":117,"column":3}},"41":{"start":{"line":76,"column":74},"end":{"line":76,"column":82}},"42":{"start":{"line":79,"column":4},"end":{"line":83,"column":5}},"43":{"start":{"line":80,"column":6},"end":{"line":82,"column":9}},"44":{"start":{"line":85,"column":4},"end":{"line":89,"column":5}},"45":{"start":{"line":86,"column":6},"end":{"line":88,"column":9}},"46":{"start":{"line":91,"column":4},"end":{"line":93,"column":5}},"47":{"start":{"line":92,"column":6},"end":{"line":92,"column":82}},"48":{"start":{"line":95,"column":4},"end":{"line":97,"column":5}},"49":{"start":{"line":96,"column":6},"end":{"line":96,"column":86}},"50":{"start":{"line":99,"column":24},"end":{"line":99,"column":40}},"51":{"start":{"line":100,"column":31},"end":{"line":100,"column":81}},"52":{"start":{"line":103,"column":26},"end":{"line":110,"column":5}},"53":{"start":{"line":112,"column":4},"end":{"line":112,"column":28}},"54":{"start":{"line":115,"column":4},"end":{"line":115,"column":62}},"55":{"start":{"line":116,"column":4},"end":{"line":116,"column":96}}},"fnMap":{"0":{"name":"toDollars","decl":{"start":{"line":8,"column":9},"end":{"line":8,"column":18}},"loc":{"start":{"line":8,"column":27},"end":{"line":10,"column":1}},"line":8},"1":{"name":"(anonymous_1)","decl":{"start":{"line":12,"column":27},"end":{"line":12,"column":28}},"loc":{"start":{"line":12,"column":110},"end":{"line":68,"column":1}},"line":12},"2":{"name":"(anonymous_2)","decl":{"start":{"line":71,"column":32},"end":{"line":71,"column":33}},"loc":{"start":{"line":71,"column":52},"end":{"line":118,"column":1}},"line":71}},"branchMap":{"0":{"loc":{"start":{"line":17,"column":2},"end":{"line":20,"column":3}},"type":"if","locations":[{"start":{"line":17,"column":2},"end":{"line":20,"column":3}},{"start":{},"end":{}}],"line":17},"1":{"loc":{"start":{"line":23,"column":2},"end":{"line":32,"column":3}},"type":"if","locations":[{"start":{"line":23,"column":2},"end":{"line":32,"column":3}},{"start":{"line":26,"column":9},"end":{"line":32,"column":3}}],"line":23},"2":{"loc":{"start":{"line":26,"column":9},"end":{"line":32,"column":3}},"type":"if","locations":[{"start":{"line":26,"column":9},"end":{"line":32,"column":3}},{"start":{"line":29,"column":9},"end":{"line":32,"column":3}}],"line":26},"3":{"loc":{"start":{"line":34,"column":2},"end":{"line":46,"column":3}},"type":"if","locations":[{"start":{"line":34,"column":2},"end":{"line":46,"column":3}},{"start":{"line":37,"column":9},"end":{"line":46,"column":3}}],"line":34},"4":{"loc":{"start":{"line":37,"column":9},"end":{"line":46,"column":3}},"type":"if","locations":[{"start":{"line":37,"column":9},"end":{"line":46,"column":3}},{"start":{"line":40,"column":9},"end":{"line":46,"column":3}}],"line":37},"5":{"loc":{"start":{"line":40,"column":9},"end":{"line":46,"column":3}},"type":"if","locations":[{"start":{"line":40,"column":9},"end":{"line":46,"column":3}},{"start":{"line":43,"column":9},"end":{"line":46,"column":3}}],"line":40},"6":{"loc":{"start":{"line":48,"column":2},"end":{"line":61,"column":3}},"type":"if","locations":[{"start":{"line":48,"column":2},"end":{"line":61,"column":3}},{"start":{"line":51,"column":9},"end":{"line":61,"column":3}}],"line":48},"7":{"loc":{"start":{"line":51,"column":9},"end":{"line":61,"column":3}},"type":"if","locations":[{"start":{"line":51,"column":9},"end":{"line":61,"column":3}},{"start":{"line":54,"column":9},"end":{"line":61,"column":3}}],"line":51},"8":{"loc":{"start":{"line":57,"column":4},"end":{"line":60,"column":5}},"type":"if","locations":[{"start":{"line":57,"column":4},"end":{"line":60,"column":5}},{"start":{},"end":{}}],"line":57},"9":{"loc":{"start":{"line":79,"column":4},"end":{"line":83,"column":5}},"type":"if","locations":[{"start":{"line":79,"column":4},"end":{"line":83,"column":5}},{"start":{},"end":{}}],"line":79},"10":{"loc":{"start":{"line":79,"column":8},"end":{"line":79,"column":81}},"type":"binary-expr","locations":[{"start":{"line":79,"column":8},"end":{"line":79,"column":14}},{"start":{"line":79,"column":18},"end":{"line":79,"column":23}},{"start":{"line":79,"column":27},"end":{"line":79,"column":33}},{"start":{"line":79,"column":37},"end":{"line":79,"column":46}},{"start":{"line":79,"column":50},"end":{"line":79,"column":62}},{"start":{"line":79,"column":66},"end":{"line":79,"column":81}}],"line":79},"11":{"loc":{"start":{"line":85,"column":4},"end":{"line":89,"column":5}},"type":"if","locations":[{"start":{"line":85,"column":4},"end":{"line":89,"column":5}},{"start":{},"end":{}}],"line":85},"12":{"loc":{"start":{"line":91,"column":4},"end":{"line":93,"column":5}},"type":"if","locations":[{"start":{"line":91,"column":4},"end":{"line":93,"column":5}},{"start":{},"end":{}}],"line":91},"13":{"loc":{"start":{"line":91,"column":8},"end":{"line":91,"column":47}},"type":"binary-expr","locations":[{"start":{"line":91,"column":8},"end":{"line":91,"column":33}},{"start":{"line":91,"column":37},"end":{"line":91,"column":47}}],"line":91},"14":{"loc":{"start":{"line":95,"column":4},"end":{"line":97,"column":5}},"type":"if","locations":[{"start":{"line":95,"column":4},"end":{"line":97,"column":5}},{"start":{},"end":{}}],"line":95},"15":{"loc":{"start":{"line":95,"column":8},"end":{"line":95,"column":84}},"type":"binary-expr","locations":[{"start":{"line":95,"column":8},"end":{"line":95,"column":36}},{"start":{"line":95,"column":40},"end":{"line":95,"column":53}},{"start":{"line":95,"column":57},"end":{"line":95,"column":84}}],"line":95}},"s":{"0":77,"1":1,"2":18,"3":18,"4":18,"5":18,"6":3,"7":3,"8":18,"9":13,"10":13,"11":5,"12":2,"13":2,"14":3,"15":3,"16":18,"17":15,"18":15,"19":3,"20":1,"21":1,"22":2,"23":1,"24":1,"25":1,"26":1,"27":18,"28":2,"29":2,"30":16,"31":2,"32":2,"33":14,"34":14,"35":14,"36":2,"37":2,"38":18,"39":1,"40":34,"41":34,"42":34,"43":8,"44":26,"45":1,"46":25,"47":2,"48":23,"49":3,"50":20,"51":18,"52":18,"53":18,"54":2,"55":2},"f":{"0":77,"1":18,"2":34},"b":{"0":[3,15],"1":[13,5],"2":[2,3],"3":[15,3],"4":[1,2],"5":[1,1],"6":[2,16],"7":[2,14],"8":[2,12],"9":[8,26],"10":[34,33,32,30,28,27],"11":[1,25],"12":[2,23],"13":[25,24],"14":[3,20],"15":[23,22,21]},"inputSourceMap":null,"_coverageSchema":"1a1c01bbd47fc00a2c39e90264f33305004495a9","hash":"6c70f18af949de2459095b1982483a7a256da93f"}
}
