TN:
SF:controllers/shippingController.js
FN:8,toDollars
FN:12,(anonymous_1)
FN:71,(anonymous_2)
FNF:3
FNH:3
FNDA:77,toDollars
FNDA:18,(anonymous_1)
FNDA:34,(anonymous_2)
DA:9,77
DA:12,1
DA:13,18
DA:14,18
DA:15,18
DA:17,18
DA:18,3
DA:19,3
DA:23,18
DA:24,13
DA:25,13
DA:26,5
DA:27,2
DA:28,2
DA:30,3
DA:31,3
DA:34,18
DA:35,15
DA:36,15
DA:37,3
DA:38,1
DA:39,1
DA:40,2
DA:41,1
DA:42,1
DA:44,1
DA:45,1
DA:48,18
DA:49,2
DA:50,2
DA:51,16
DA:52,2
DA:53,2
DA:55,14
DA:56,14
DA:57,14
DA:58,2
DA:59,2
DA:62,18
DA:71,1
DA:72,34
DA:76,34
DA:79,34
DA:80,8
DA:85,26
DA:86,1
DA:91,25
DA:92,2
DA:95,23
DA:96,3
DA:99,20
DA:100,18
DA:103,18
DA:112,18
DA:115,2
DA:116,2
LF:56
LH:56
BRDA:17,0,0,3
BRDA:17,0,1,15
BRDA:23,1,0,13
BRDA:23,1,1,5
BRDA:26,2,0,2
BRDA:26,2,1,3
BRDA:34,3,0,15
BRDA:34,3,1,3
BRDA:37,4,0,1
BRDA:37,4,1,2
BRDA:40,5,0,1
BRDA:40,5,1,1
BRDA:48,6,0,2
BRDA:48,6,1,16
BRDA:51,7,0,2
BRDA:51,7,1,14
BRDA:57,8,0,2
BRDA:57,8,1,12
BRDA:79,9,0,8
BRDA:79,9,1,26
BRDA:79,10,0,34
BRDA:79,10,1,33
BRDA:79,10,2,32
BRDA:79,10,3,30
BRDA:79,10,4,28
BRDA:79,10,5,27
BRDA:85,11,0,1
BRDA:85,11,1,25
BRDA:91,12,0,2
BRDA:91,12,1,23
BRDA:91,13,0,25
BRDA:91,13,1,24
BRDA:95,14,0,3
BRDA:95,14,1,20
BRDA:95,15,0,23
BRDA:95,15,1,22
BRDA:95,15,2,21
BRF:37
BRH:37
end_of_record
